0 info it worked if it ends with ok
1 verbose cli [ 'node',
1 verbose cli   '/usr/local/bin/npm',
1 verbose cli   'install',
1 verbose cli   '--save',
1 verbose cli   'gulp-main-bower-files' ]
2 info using npm@1.4.28
3 info using node@v0.10.35
4 warn package.json drinks@1.0.0 No repository field.
5 verbose readDependencies using package.json deps
6 verbose cache add [ 'gulp-main-bower-files', null ]
7 verbose cache add name=undefined spec="gulp-main-bower-files" args=["gulp-main-bower-files",null]
8 verbose parsed url { protocol: null,
8 verbose parsed url   slashes: null,
8 verbose parsed url   auth: null,
8 verbose parsed url   host: null,
8 verbose parsed url   port: null,
8 verbose parsed url   hostname: null,
8 verbose parsed url   hash: null,
8 verbose parsed url   search: null,
8 verbose parsed url   query: null,
8 verbose parsed url   pathname: 'gulp-main-bower-files',
8 verbose parsed url   path: 'gulp-main-bower-files',
8 verbose parsed url   href: 'gulp-main-bower-files' }
9 silly lockFile eb66c1a1-gulp-main-bower-files gulp-main-bower-files
10 verbose lock gulp-main-bower-files /Users/jon_rogozen/.npm/eb66c1a1-gulp-main-bower-files.lock
11 silly lockFile eb66c1a1-gulp-main-bower-files gulp-main-bower-files
12 silly lockFile eb66c1a1-gulp-main-bower-files gulp-main-bower-files
13 verbose addNamed [ 'gulp-main-bower-files', '' ]
14 verbose addNamed [ null, '*' ]
15 silly lockFile 23ac4d1f-gulp-main-bower-files gulp-main-bower-files@
16 verbose lock gulp-main-bower-files@ /Users/jon_rogozen/.npm/23ac4d1f-gulp-main-bower-files.lock
17 silly addNameRange { name: 'gulp-main-bower-files', range: '*', hasData: false }
18 verbose request where is /gulp-main-bower-files
19 verbose request registry https://npm.interactive-apps.apple.com/
20 verbose request id ec3112356ec9c24b
21 verbose url raw /gulp-main-bower-files
22 verbose url resolving [ 'https://npm.interactive-apps.apple.com/',
22 verbose url resolving   './gulp-main-bower-files' ]
23 verbose url resolved https://npm.interactive-apps.apple.com/gulp-main-bower-files
24 verbose request where is https://npm.interactive-apps.apple.com/gulp-main-bower-files
25 info trying registry request attempt 1 at 15:03:30
26 http GET https://npm.interactive-apps.apple.com/gulp-main-bower-files
27 http 404 https://npm.interactive-apps.apple.com/gulp-main-bower-files
28 verbose headers { date: 'Wed, 21 Jan 2015 23:03:30 GMT',
28 verbose headers   server: 'CouchDB/1.5.0 (Erlang OTP/R16B03)',
28 verbose headers   'content-type': 'application/json; charset=utf-8',
28 verbose headers   'x-registry': 'https://registry.npmjs.org/',
28 verbose headers   'cache-control': 'no-cache',
28 verbose headers   'accept-ranges': 'bytes',
28 verbose headers   via: '1.1 varnish',
28 verbose headers   age: '0',
28 verbose headers   'x-served-by': 'cache-sjc3122-SJC',
28 verbose headers   'x-cache': 'MISS',
28 verbose headers   'x-cache-hits': '0',
28 verbose headers   'x-timer': 'S1421881410.116334,VS0,VE156',
28 verbose headers   'content-encoding': 'gzip',
28 verbose headers   vary: 'accept-encoding',
28 verbose headers   connection: 'close',
28 verbose headers   'transfer-encoding': 'chunked' }
29 silly registry.get cb [ 404,
29 silly registry.get   { date: 'Wed, 21 Jan 2015 23:03:30 GMT',
29 silly registry.get     server: 'CouchDB/1.5.0 (Erlang OTP/R16B03)',
29 silly registry.get     'content-type': 'application/json; charset=utf-8',
29 silly registry.get     'x-registry': 'https://registry.npmjs.org/',
29 silly registry.get     'cache-control': 'no-cache',
29 silly registry.get     'accept-ranges': 'bytes',
29 silly registry.get     via: '1.1 varnish',
29 silly registry.get     age: '0',
29 silly registry.get     'x-served-by': 'cache-sjc3122-SJC',
29 silly registry.get     'x-cache': 'MISS',
29 silly registry.get     'x-cache-hits': '0',
29 silly registry.get     'x-timer': 'S1421881410.116334,VS0,VE156',
29 silly registry.get     'content-encoding': 'gzip',
29 silly registry.get     vary: 'accept-encoding',
29 silly registry.get     connection: 'close',
29 silly registry.get     'transfer-encoding': 'chunked' } ]
30 silly lockFile 23ac4d1f-gulp-main-bower-files gulp-main-bower-files@
31 silly lockFile 23ac4d1f-gulp-main-bower-files gulp-main-bower-files@
32 error 404 404 Not Found: gulp-main-bower-files
32 error 404
32 error 404 'gulp-main-bower-files' is not in the npm registry.
32 error 404 You should bug the author to publish it
32 error 404 It was specified as a dependency of 'drinks'
32 error 404
32 error 404 Note that you can also install from a
32 error 404 tarball, folder, or http url, or git url.
33 error System Darwin 14.0.0
34 error command "node" "/usr/local/bin/npm" "install" "--save" "gulp-main-bower-files"
35 error cwd /Users/jon_rogozen/Desktop/projects/drinks
36 error node -v v0.10.35
37 error npm -v 1.4.28
38 error code E404
39 verbose exit [ 1, true ]
